2023-02-23 13:06:37.490  INFO 3100 --- [restartedMain] com.pws.employee.EmployeeApplication     : Starting EmployeeApplication using Java 19.0.2 on DESKTOP-CCRJIGP with PID 3100 (F:\Eureka\Employee-service\Employee-Service\target\classes started by LENOVO in F:\Eureka\Employee-service\Employee-Service)
2023-02-23 13:06:37.497  INFO 3100 --- [restartedMain] com.pws.employee.EmployeeApplication     : No active profile set, falling back to default profiles: default
2023-02-23 13:06:37.591  INFO 3100 --- [restartedMain] .e.DevToolsPropertyDefaultsPostProcessor : Devtools property defaults active! Set 'spring.devtools.add-properties' to 'false' to disable
2023-02-23 13:06:37.592  INFO 3100 --- [restartedMain] .e.DevToolsPropertyDefaultsPostProcessor : For additional web related logging consider setting the 'logging.level.web' property to 'DEBUG'
2023-02-23 13:06:39.361  INFO 3100 --- [restartedMain] .s.d.r.c.RepositoryConfigurationDelegate : Multiple Spring Data modules found, entering strict repository configuration mode!
2023-02-23 13:06:39.362  INFO 3100 --- [restartedMain] .s.d.r.c.RepositoryConfigurationDelegate : Bootstrapping Spring Data JPA repositories in DEFAULT mode.
2023-02-23 13:06:39.730  INFO 3100 --- [restartedMain] .s.d.r.c.RepositoryConfigurationDelegate : Finished Spring Data repository scanning in 355 ms. Found 7 JPA repository interfaces.
2023-02-23 13:06:39.756  INFO 3100 --- [restartedMain] .s.d.r.c.RepositoryConfigurationDelegate : Multiple Spring Data modules found, entering strict repository configuration mode!
2023-02-23 13:06:39.758  INFO 3100 --- [restartedMain] .s.d.r.c.RepositoryConfigurationDelegate : Bootstrapping Spring Data Redis repositories in DEFAULT mode.
2023-02-23 13:06:39.784  INFO 3100 --- [restartedMain] .RepositoryConfigurationExtensionSupport : Spring Data Redis - Could not safely identify store assignment for repository candidate interface com.pws.employee.repository.ModuleRepository. If you want this repository to be a Redis repository, consider annotating your entities with one of these annotations: org.springframework.data.redis.core.RedisHash (preferred), or consider extending one of the following types with your repository: org.springframework.data.keyvalue.repository.KeyValueRepository.
2023-02-23 13:06:39.785  INFO 3100 --- [restartedMain] .RepositoryConfigurationExtensionSupport : Spring Data Redis - Could not safely identify store assignment for repository candidate interface com.pws.employee.repository.PermissionRepository. If you want this repository to be a Redis repository, consider annotating your entities with one of these annotations: org.springframework.data.redis.core.RedisHash (preferred), or consider extending one of the following types with your repository: org.springframework.data.keyvalue.repository.KeyValueRepository.
2023-02-23 13:06:39.787  INFO 3100 --- [restartedMain] .RepositoryConfigurationExtensionSupport : Spring Data Redis - Could not safely identify store assignment for repository candidate interface com.pws.employee.repository.RoleRepository. If you want this repository to be a Redis repository, consider annotating your entities with one of these annotations: org.springframework.data.redis.core.RedisHash (preferred), or consider extending one of the following types with your repository: org.springframework.data.keyvalue.repository.KeyValueRepository.
2023-02-23 13:06:39.788  INFO 3100 --- [restartedMain] .RepositoryConfigurationExtensionSupport : Spring Data Redis - Could not safely identify store assignment for repository candidate interface com.pws.employee.repository.SkillRepository. If you want this repository to be a Redis repository, consider annotating your entities with one of these annotations: org.springframework.data.redis.core.RedisHash (preferred), or consider extending one of the following types with your repository: org.springframework.data.keyvalue.repository.KeyValueRepository.
2023-02-23 13:06:39.791  INFO 3100 --- [restartedMain] .RepositoryConfigurationExtensionSupport : Spring Data Redis - Could not safely identify store assignment for repository candidate interface com.pws.employee.repository.UserRepository. If you want this repository to be a Redis repository, consider annotating your entities with one of these annotations: org.springframework.data.redis.core.RedisHash (preferred), or consider extending one of the following types with your repository: org.springframework.data.keyvalue.repository.KeyValueRepository.
2023-02-23 13:06:39.791  INFO 3100 --- [restartedMain] .RepositoryConfigurationExtensionSupport : Spring Data Redis - Could not safely identify store assignment for repository candidate interface com.pws.employee.repository.UserRoleXrefRepository. If you want this repository to be a Redis repository, consider annotating your entities with one of these annotations: org.springframework.data.redis.core.RedisHash (preferred), or consider extending one of the following types with your repository: org.springframework.data.keyvalue.repository.KeyValueRepository.
2023-02-23 13:06:39.792  INFO 3100 --- [restartedMain] .RepositoryConfigurationExtensionSupport : Spring Data Redis - Could not safely identify store assignment for repository candidate interface com.pws.employee.repository.UserSkillXrefRepository. If you want this repository to be a Redis repository, consider annotating your entities with one of these annotations: org.springframework.data.redis.core.RedisHash (preferred), or consider extending one of the following types with your repository: org.springframework.data.keyvalue.repository.KeyValueRepository.
2023-02-23 13:06:39.792  INFO 3100 --- [restartedMain] .s.d.r.c.RepositoryConfigurationDelegate : Finished Spring Data repository scanning in 23 ms. Found 0 Redis repository interfaces.
2023-02-23 13:06:40.296  INFO 3100 --- [restartedMain] o.s.cloud.context.scope.GenericScope     : BeanFactory id=ceebbcf4-5df9-3bd8-ba08-e627ae5f5e4b
2023-02-23 13:06:40.546  INFO 3100 --- [restartedMain] trationDelegate$BeanPostProcessorChecker : Bean 'org.springframework.cloud.client.loadbalancer.reactive.LoadBalancerBeanPostProcessorAutoConfiguration' of type [org.springframework.cloud.client.loadbalancer.reactive.LoadBalancerBeanPostProcessorAutoConfiguration] is not eligible for getting processed by all BeanPostProcessors (for example: not eligible for auto-proxying)
2023-02-23 13:06:40.548  INFO 3100 --- [restartedMain] trationDelegate$BeanPostProcessorChecker : Bean 'org.springframework.cloud.client.loadbalancer.reactive.LoadBalancerBeanPostProcessorAutoConfiguration$ReactorDeferringLoadBalancerFilterConfig' of type [org.springframework.cloud.client.loadbalancer.reactive.LoadBalancerBeanPostProcessorAutoConfiguration$ReactorDeferringLoadBalancerFilterConfig] is not eligible for getting processed by all BeanPostProcessors (for example: not eligible for auto-proxying)
2023-02-23 13:06:40.550  INFO 3100 --- [restartedMain] trationDelegate$BeanPostProcessorChecker : Bean 'reactorDeferringLoadBalancerExchangeFilterFunction' of type [org.springframework.cloud.client.loadbalancer.reactive.DeferringLoadBalancerExchangeFilterFunction] is not eligible for getting processed by all BeanPostProcessors (for example: not eligible for auto-proxying)
2023-02-23 13:06:41.223  INFO 3100 --- [restartedMain] o.s.b.w.embedded.tomcat.TomcatWebServer  : Tomcat initialized with port(s): 8081 (http)
2023-02-23 13:06:41.235  INFO 3100 --- [restartedMain] o.apache.catalina.core.StandardService   : Starting service [Tomcat]
2023-02-23 13:06:41.235  INFO 3100 --- [restartedMain] org.apache.catalina.core.StandardEngine  : Starting Servlet engine: [Apache Tomcat/9.0.56]
2023-02-23 13:06:41.357  INFO 3100 --- [restartedMain] o.a.c.c.C.[Tomcat].[localhost].[/]       : Initializing Spring embedded WebApplicationContext
2023-02-23 13:06:41.358  INFO 3100 --- [restartedMain] w.s.c.ServletWebServerApplicationContext : Root WebApplicationContext: initialization completed in 3765 ms
2023-02-23 13:06:41.609  INFO 3100 --- [restartedMain] o.hibernate.jpa.internal.util.LogHelper  : HHH000204: Processing PersistenceUnitInfo [name: default]
2023-02-23 13:06:41.679  INFO 3100 --- [restartedMain] org.hibernate.Version                    : HHH000412: Hibernate ORM core version 5.6.3.Final
2023-02-23 13:06:41.890  INFO 3100 --- [restartedMain] o.hibernate.annotations.common.Version   : HCANN000001: Hibernate Commons Annotations {5.1.2.Final}
2023-02-23 13:06:42.001  INFO 3100 --- [restartedMain] com.zaxxer.hikari.HikariDataSource       : HikariPool-1 - Starting...
2023-02-23 13:06:42.390  INFO 3100 --- [restartedMain] com.zaxxer.hikari.HikariDataSource       : HikariPool-1 - Start completed.
2023-02-23 13:06:42.419  INFO 3100 --- [restartedMain] org.hibernate.dialect.Dialect            : HHH000400: Using dialect: org.hibernate.dialect.MySQL5Dialect
2023-02-23 13:06:43.663  INFO 3100 --- [restartedMain] o.h.e.t.j.p.i.JtaPlatformInitiator       : HHH000490: Using JtaPlatform implementation: [org.hibernate.engine.transaction.jta.platform.internal.NoJtaPlatform]
2023-02-23 13:06:43.675  INFO 3100 --- [restartedMain] j.LocalContainerEntityManagerFactoryBean : Initialized JPA EntityManagerFactory for persistence unit 'default'
2023-02-23 13:06:44.254  WARN 3100 --- [restartedMain] JpaBaseConfiguration$JpaWebConfiguration : spring.jpa.open-in-view is enabled by default. Therefore, database queries may be performed during view rendering. Explicitly configure spring.jpa.open-in-view to disable this warning
2023-02-23 13:06:44.764  INFO 3100 --- [restartedMain] o.s.s.web.DefaultSecurityFilterChain     : Will secure any request with [org.springframework.security.web.context.request.async.WebAsyncManagerIntegrationFilter@72a7a4d1, org.springframework.security.web.context.SecurityContextPersistenceFilter@1cabd32d, org.springframework.security.web.header.HeaderWriterFilter@20225010, org.springframework.security.web.authentication.logout.LogoutFilter@3aa458be, com.pws.employee.security.jwt.config.JwtFilter@284b0288, org.springframework.security.web.savedrequest.RequestCacheAwareFilter@2652762a, org.springframework.security.web.servletapi.SecurityContextHolderAwareRequestFilter@1f84862a, org.springframework.security.web.authentication.AnonymousAuthenticationFilter@3db517cd, org.springframework.security.web.session.SessionManagementFilter@1ec51b9f, org.springframework.security.web.access.ExceptionTranslationFilter@34d7d062, org.springframework.security.web.access.intercept.FilterSecurityInterceptor@45310d48]
2023-02-23 13:06:46.363  WARN 3100 --- [restartedMain] o.s.b.d.a.OptionalLiveReloadServer       : Unable to start LiveReload server
2023-02-23 13:06:46.374  INFO 3100 --- [restartedMain] DiscoveryClientOptionalArgsConfiguration : Eureka HTTP Client uses RestTemplate.
2023-02-23 13:06:46.644  WARN 3100 --- [restartedMain] iguration$LoadBalancerCaffeineWarnLogger : Spring Cloud LoadBalancer is currently working with the default cache. You can switch to using Caffeine cache, by adding it and org.springframework.cache.caffeine.CaffeineCacheManager to the classpath.
2023-02-23 13:06:46.667  INFO 3100 --- [restartedMain] o.s.c.n.eureka.InstanceInfoFactory       : Setting initial instance status as: STARTING
2023-02-23 13:06:46.799  INFO 3100 --- [restartedMain] com.netflix.discovery.DiscoveryClient    : Initializing Eureka in region us-east-1
2023-02-23 13:06:46.807  INFO 3100 --- [restartedMain] c.n.d.s.r.aws.ConfigClusterResolver      : Resolving eureka endpoints via configuration
2023-02-23 13:06:46.847  INFO 3100 --- [restartedMain] com.netflix.discovery.DiscoveryClient    : Disable delta property : false
2023-02-23 13:06:46.848  INFO 3100 --- [restartedMain] com.netflix.discovery.DiscoveryClient    : Single vip registry refresh property : null
2023-02-23 13:06:46.848  INFO 3100 --- [restartedMain] com.netflix.discovery.DiscoveryClient    : Force full registry fetch : false
2023-02-23 13:06:46.848  INFO 3100 --- [restartedMain] com.netflix.discovery.DiscoveryClient    : Application is null : false
2023-02-23 13:06:46.848  INFO 3100 --- [restartedMain] com.netflix.discovery.DiscoveryClient    : Registered Applications size is zero : true
2023-02-23 13:06:46.848  INFO 3100 --- [restartedMain] com.netflix.discovery.DiscoveryClient    : Application version is -1: true
2023-02-23 13:06:46.848  INFO 3100 --- [restartedMain] com.netflix.discovery.DiscoveryClient    : Getting all instance registry info from the eureka server
2023-02-23 13:06:47.201  INFO 3100 --- [restartedMain] com.netflix.discovery.DiscoveryClient    : The response status is 200
2023-02-23 13:06:47.203  INFO 3100 --- [restartedMain] com.netflix.discovery.DiscoveryClient    : Starting heartbeat executor: renew interval is: 30
2023-02-23 13:06:47.206  INFO 3100 --- [restartedMain] c.n.discovery.InstanceInfoReplicator     : InstanceInfoReplicator onDemand update allowed rate per min is 4
2023-02-23 13:06:47.211  INFO 3100 --- [restartedMain] com.netflix.discovery.DiscoveryClient    : Discovery Client initialized at timestamp 1677137807210 with initial instances count: 1
2023-02-23 13:06:47.213  INFO 3100 --- [restartedMain] o.s.c.n.e.s.EurekaServiceRegistry        : Registering application EMPLOYEE-SERVICE with eureka with status UP
2023-02-23 13:06:47.214  INFO 3100 --- [restartedMain] com.netflix.discovery.DiscoveryClient    : Saw local status change event StatusChangeEvent [timestamp=1677137807214, current=UP, previous=STARTING]
2023-02-23 13:06:47.216  INFO 3100 --- [DiscoveryClient-InstanceInfoReplicator-0] com.netflix.discovery.DiscoveryClient    : DiscoveryClient_EMPLOYEE-SERVICE/DESKTOP-CCRJIGP:Employee-service:8081: registering service...
2023-02-23 13:06:47.248  INFO 3100 --- [restartedMain] o.s.b.w.embedded.tomcat.TomcatWebServer  : Tomcat started on port(s): 8081 (http) with context path ''
2023-02-23 13:06:47.249  INFO 3100 --- [restartedMain] .s.c.n.e.s.EurekaAutoServiceRegistration : Updating port to 8081
2023-02-23 13:06:47.269  INFO 3100 --- [DiscoveryClient-InstanceInfoReplicator-0] com.netflix.discovery.DiscoveryClient    : DiscoveryClient_EMPLOYEE-SERVICE/DESKTOP-CCRJIGP:Employee-service:8081 - registration status: 204
2023-02-23 13:06:47.411  INFO 3100 --- [restartedMain] com.pws.employee.EmployeeApplication     : Started EmployeeApplication in 10.752 seconds (JVM running for 11.729)
2023-02-23 13:07:23.533  INFO 3100 --- [SpringApplicationShutdownHook] o.s.c.n.e.s.EurekaServiceRegistry        : Unregistering application EMPLOYEE-SERVICE with eureka with status DOWN
2023-02-23 13:07:23.533  INFO 3100 --- [SpringApplicationShutdownHook] com.netflix.discovery.DiscoveryClient    : Saw local status change event StatusChangeEvent [timestamp=1677137843533, current=DOWN, previous=UP]
2023-02-23 13:07:23.533  INFO 3100 --- [DiscoveryClient-InstanceInfoReplicator-0] com.netflix.discovery.DiscoveryClient    : DiscoveryClient_EMPLOYEE-SERVICE/DESKTOP-CCRJIGP:Employee-service:8081: registering service...
2023-02-23 13:07:23.541  INFO 3100 --- [DiscoveryClient-InstanceInfoReplicator-0] com.netflix.discovery.DiscoveryClient    : DiscoveryClient_EMPLOYEE-SERVICE/DESKTOP-CCRJIGP:Employee-service:8081 - registration status: 204
2023-02-23 13:07:23.579  INFO 3100 --- [SpringApplicationShutdownHook] j.LocalContainerEntityManagerFactoryBean : Closing JPA EntityManagerFactory for persistence unit 'default'
2023-02-23 13:07:23.583  INFO 3100 --- [SpringApplicationShutdownHook] com.zaxxer.hikari.HikariDataSource       : HikariPool-1 - Shutdown initiated...
2023-02-23 13:07:23.598  INFO 3100 --- [SpringApplicationShutdownHook] com.zaxxer.hikari.HikariDataSource       : HikariPool-1 - Shutdown completed.
2023-02-23 13:07:23.599  INFO 3100 --- [SpringApplicationShutdownHook] com.netflix.discovery.DiscoveryClient    : Shutting down DiscoveryClient ...
2023-02-23 13:07:26.603  INFO 3100 --- [SpringApplicationShutdownHook] com.netflix.discovery.DiscoveryClient    : Unregistering ...
2023-02-23 13:07:26.615  INFO 3100 --- [SpringApplicationShutdownHook] com.netflix.discovery.DiscoveryClient    : DiscoveryClient_EMPLOYEE-SERVICE/DESKTOP-CCRJIGP:Employee-service:8081 - deregister  status: 200
2023-02-23 13:07:26.622  INFO 3100 --- [SpringApplicationShutdownHook] com.netflix.discovery.DiscoveryClient    : Completed shut down of DiscoveryClient
2023-02-23 13:07:30.913  INFO 14748 --- [restartedMain] com.pws.employee.EmployeeApplication     : Starting EmployeeApplication using Java 19.0.2 on DESKTOP-CCRJIGP with PID 14748 (F:\Eureka\Employee-service\Employee-Service\target\classes started by LENOVO in F:\Eureka\Employee-service\Employee-Service)
2023-02-23 13:07:30.915  INFO 14748 --- [restartedMain] com.pws.employee.EmployeeApplication     : No active profile set, falling back to default profiles: default
2023-02-23 13:07:30.998  INFO 14748 --- [restartedMain] .e.DevToolsPropertyDefaultsPostProcessor : Devtools property defaults active! Set 'spring.devtools.add-properties' to 'false' to disable
2023-02-23 13:07:30.999  INFO 14748 --- [restartedMain] .e.DevToolsPropertyDefaultsPostProcessor : For additional web related logging consider setting the 'logging.level.web' property to 'DEBUG'
2023-02-23 13:07:32.537  INFO 14748 --- [restartedMain] .s.d.r.c.RepositoryConfigurationDelegate : Multiple Spring Data modules found, entering strict repository configuration mode!
2023-02-23 13:07:32.539  INFO 14748 --- [restartedMain] .s.d.r.c.RepositoryConfigurationDelegate : Bootstrapping Spring Data JPA repositories in DEFAULT mode.
2023-02-23 13:07:32.715  INFO 14748 --- [restartedMain] .s.d.r.c.RepositoryConfigurationDelegate : Finished Spring Data repository scanning in 170 ms. Found 7 JPA repository interfaces.
2023-02-23 13:07:32.732  INFO 14748 --- [restartedMain] .s.d.r.c.RepositoryConfigurationDelegate : Multiple Spring Data modules found, entering strict repository configuration mode!
2023-02-23 13:07:32.734  INFO 14748 --- [restartedMain] .s.d.r.c.RepositoryConfigurationDelegate : Bootstrapping Spring Data Redis repositories in DEFAULT mode.
2023-02-23 13:07:32.754  INFO 14748 --- [restartedMain] .RepositoryConfigurationExtensionSupport : Spring Data Redis - Could not safely identify store assignment for repository candidate interface com.pws.employee.repository.ModuleRepository. If you want this repository to be a Redis repository, consider annotating your entities with one of these annotations: org.springframework.data.redis.core.RedisHash (preferred), or consider extending one of the following types with your repository: org.springframework.data.keyvalue.repository.KeyValueRepository.
2023-02-23 13:07:32.755  INFO 14748 --- [restartedMain] .RepositoryConfigurationExtensionSupport : Spring Data Redis - Could not safely identify store assignment for repository candidate interface com.pws.employee.repository.PermissionRepository. If you want this repository to be a Redis repository, consider annotating your entities with one of these annotations: org.springframework.data.redis.core.RedisHash (preferred), or consider extending one of the following types with your repository: org.springframework.data.keyvalue.repository.KeyValueRepository.
2023-02-23 13:07:32.758  INFO 14748 --- [restartedMain] .RepositoryConfigurationExtensionSupport : Spring Data Redis - Could not safely identify store assignment for repository candidate interface com.pws.employee.repository.RoleRepository. If you want this repository to be a Redis repository, consider annotating your entities with one of these annotations: org.springframework.data.redis.core.RedisHash (preferred), or consider extending one of the following types with your repository: org.springframework.data.keyvalue.repository.KeyValueRepository.
2023-02-23 13:07:32.760  INFO 14748 --- [restartedMain] .RepositoryConfigurationExtensionSupport : Spring Data Redis - Could not safely identify store assignment for repository candidate interface com.pws.employee.repository.SkillRepository. If you want this repository to be a Redis repository, consider annotating your entities with one of these annotations: org.springframework.data.redis.core.RedisHash (preferred), or consider extending one of the following types with your repository: org.springframework.data.keyvalue.repository.KeyValueRepository.
2023-02-23 13:07:32.762  INFO 14748 --- [restartedMain] .RepositoryConfigurationExtensionSupport : Spring Data Redis - Could not safely identify store assignment for repository candidate interface com.pws.employee.repository.UserRepository. If you want this repository to be a Redis repository, consider annotating your entities with one of these annotations: org.springframework.data.redis.core.RedisHash (preferred), or consider extending one of the following types with your repository: org.springframework.data.keyvalue.repository.KeyValueRepository.
2023-02-23 13:07:32.763  INFO 14748 --- [restartedMain] .RepositoryConfigurationExtensionSupport : Spring Data Redis - Could not safely identify store assignment for repository candidate interface com.pws.employee.repository.UserRoleXrefRepository. If you want this repository to be a Redis repository, consider annotating your entities with one of these annotations: org.springframework.data.redis.core.RedisHash (preferred), or consider extending one of the following types with your repository: org.springframework.data.keyvalue.repository.KeyValueRepository.
2023-02-23 13:07:32.763  INFO 14748 --- [restartedMain] .RepositoryConfigurationExtensionSupport : Spring Data Redis - Could not safely identify store assignment for repository candidate interface com.pws.employee.repository.UserSkillXrefRepository. If you want this repository to be a Redis repository, consider annotating your entities with one of these annotations: org.springframework.data.redis.core.RedisHash (preferred), or consider extending one of the following types with your repository: org.springframework.data.keyvalue.repository.KeyValueRepository.
2023-02-23 13:07:32.764  INFO 14748 --- [restartedMain] .s.d.r.c.RepositoryConfigurationDelegate : Finished Spring Data repository scanning in 19 ms. Found 0 Redis repository interfaces.
2023-02-23 13:07:33.232  INFO 14748 --- [restartedMain] o.s.cloud.context.scope.GenericScope     : BeanFactory id=ceebbcf4-5df9-3bd8-ba08-e627ae5f5e4b
2023-02-23 13:07:33.479  INFO 14748 --- [restartedMain] trationDelegate$BeanPostProcessorChecker : Bean 'org.springframework.cloud.client.loadbalancer.reactive.LoadBalancerBeanPostProcessorAutoConfiguration' of type [org.springframework.cloud.client.loadbalancer.reactive.LoadBalancerBeanPostProcessorAutoConfiguration] is not eligible for getting processed by all BeanPostProcessors (for example: not eligible for auto-proxying)
2023-02-23 13:07:33.480  INFO 14748 --- [restartedMain] trationDelegate$BeanPostProcessorChecker : Bean 'org.springframework.cloud.client.loadbalancer.reactive.LoadBalancerBeanPostProcessorAutoConfiguration$ReactorDeferringLoadBalancerFilterConfig' of type [org.springframework.cloud.client.loadbalancer.reactive.LoadBalancerBeanPostProcessorAutoConfiguration$ReactorDeferringLoadBalancerFilterConfig] is not eligible for getting processed by all BeanPostProcessors (for example: not eligible for auto-proxying)
2023-02-23 13:07:33.482  INFO 14748 --- [restartedMain] trationDelegate$BeanPostProcessorChecker : Bean 'reactorDeferringLoadBalancerExchangeFilterFunction' of type [org.springframework.cloud.client.loadbalancer.reactive.DeferringLoadBalancerExchangeFilterFunction] is not eligible for getting processed by all BeanPostProcessors (for example: not eligible for auto-proxying)
2023-02-23 13:07:34.038  INFO 14748 --- [restartedMain] o.s.b.w.embedded.tomcat.TomcatWebServer  : Tomcat initialized with port(s): 8081 (http)
2023-02-23 13:07:34.052  INFO 14748 --- [restartedMain] o.apache.catalina.core.StandardService   : Starting service [Tomcat]
2023-02-23 13:07:34.052  INFO 14748 --- [restartedMain] org.apache.catalina.core.StandardEngine  : Starting Servlet engine: [Apache Tomcat/9.0.56]
2023-02-23 13:07:34.201  INFO 14748 --- [restartedMain] o.a.c.c.C.[Tomcat].[localhost].[/]       : Initializing Spring embedded WebApplicationContext
2023-02-23 13:07:34.201  INFO 14748 --- [restartedMain] w.s.c.ServletWebServerApplicationContext : Root WebApplicationContext: initialization completed in 3201 ms
2023-02-23 13:07:34.458  INFO 14748 --- [restartedMain] o.hibernate.jpa.internal.util.LogHelper  : HHH000204: Processing PersistenceUnitInfo [name: default]
2023-02-23 13:07:34.529  INFO 14748 --- [restartedMain] org.hibernate.Version                    : HHH000412: Hibernate ORM core version 5.6.3.Final
2023-02-23 13:07:34.743  INFO 14748 --- [restartedMain] o.hibernate.annotations.common.Version   : HCANN000001: Hibernate Commons Annotations {5.1.2.Final}
2023-02-23 13:07:34.850  INFO 14748 --- [restartedMain] com.zaxxer.hikari.HikariDataSource       : HikariPool-1 - Starting...
2023-02-23 13:07:35.240  INFO 14748 --- [restartedMain] com.zaxxer.hikari.HikariDataSource       : HikariPool-1 - Start completed.
2023-02-23 13:07:35.255  INFO 14748 --- [restartedMain] org.hibernate.dialect.Dialect            : HHH000400: Using dialect: org.hibernate.dialect.MySQL5Dialect
2023-02-23 13:07:36.572  INFO 14748 --- [restartedMain] o.h.e.t.j.p.i.JtaPlatformInitiator       : HHH000490: Using JtaPlatform implementation: [org.hibernate.engine.transaction.jta.platform.internal.NoJtaPlatform]
2023-02-23 13:07:36.584  INFO 14748 --- [restartedMain] j.LocalContainerEntityManagerFactoryBean : Initialized JPA EntityManagerFactory for persistence unit 'default'
2023-02-23 13:07:37.270  WARN 14748 --- [restartedMain] JpaBaseConfiguration$JpaWebConfiguration : spring.jpa.open-in-view is enabled by default. Therefore, database queries may be performed during view rendering. Explicitly configure spring.jpa.open-in-view to disable this warning
2023-02-23 13:07:37.748  INFO 14748 --- [restartedMain] o.s.s.web.DefaultSecurityFilterChain     : Will secure any request with [org.springframework.security.web.context.request.async.WebAsyncManagerIntegrationFilter@20a2c48d, org.springframework.security.web.context.SecurityContextPersistenceFilter@2c3cf6a0, org.springframework.security.web.header.HeaderWriterFilter@3c24d768, org.springframework.security.web.authentication.logout.LogoutFilter@6df4a3c2, com.pws.employee.security.jwt.config.JwtFilter@5dc3f4e3, org.springframework.security.web.savedrequest.RequestCacheAwareFilter@2389f3e4, org.springframework.security.web.servletapi.SecurityContextHolderAwareRequestFilter@5ea42461, org.springframework.security.web.authentication.AnonymousAuthenticationFilter@7b796c03, org.springframework.security.web.session.SessionManagementFilter@42d8e6d3, org.springframework.security.web.access.ExceptionTranslationFilter@3114bbf, org.springframework.security.web.access.intercept.FilterSecurityInterceptor@4fa95169]
2023-02-23 13:07:39.597  WARN 14748 --- [restartedMain] o.s.b.d.a.OptionalLiveReloadServer       : Unable to start LiveReload server
2023-02-23 13:07:39.611  INFO 14748 --- [restartedMain] DiscoveryClientOptionalArgsConfiguration : Eureka HTTP Client uses RestTemplate.
2023-02-23 13:07:39.897  WARN 14748 --- [restartedMain] iguration$LoadBalancerCaffeineWarnLogger : Spring Cloud LoadBalancer is currently working with the default cache. You can switch to using Caffeine cache, by adding it and org.springframework.cache.caffeine.CaffeineCacheManager to the classpath.
2023-02-23 13:07:39.925  INFO 14748 --- [restartedMain] o.s.c.n.eureka.InstanceInfoFactory       : Setting initial instance status as: STARTING
2023-02-23 13:07:40.116  INFO 14748 --- [restartedMain] com.netflix.discovery.DiscoveryClient    : Initializing Eureka in region us-east-1
2023-02-23 13:07:40.127  INFO 14748 --- [restartedMain] c.n.d.s.r.aws.ConfigClusterResolver      : Resolving eureka endpoints via configuration
2023-02-23 13:07:40.161  INFO 14748 --- [restartedMain] com.netflix.discovery.DiscoveryClient    : Disable delta property : false
2023-02-23 13:07:40.162  INFO 14748 --- [restartedMain] com.netflix.discovery.DiscoveryClient    : Single vip registry refresh property : null
2023-02-23 13:07:40.162  INFO 14748 --- [restartedMain] com.netflix.discovery.DiscoveryClient    : Force full registry fetch : false
2023-02-23 13:07:40.162  INFO 14748 --- [restartedMain] com.netflix.discovery.DiscoveryClient    : Application is null : false
2023-02-23 13:07:40.162  INFO 14748 --- [restartedMain] com.netflix.discovery.DiscoveryClient    : Registered Applications size is zero : true
2023-02-23 13:07:40.162  INFO 14748 --- [restartedMain] com.netflix.discovery.DiscoveryClient    : Application version is -1: true
2023-02-23 13:07:40.162  INFO 14748 --- [restartedMain] com.netflix.discovery.DiscoveryClient    : Getting all instance registry info from the eureka server
2023-02-23 13:07:40.503  INFO 14748 --- [restartedMain] com.netflix.discovery.DiscoveryClient    : The response status is 200
2023-02-23 13:07:40.506  INFO 14748 --- [restartedMain] com.netflix.discovery.DiscoveryClient    : Starting heartbeat executor: renew interval is: 30
2023-02-23 13:07:40.510  INFO 14748 --- [restartedMain] c.n.discovery.InstanceInfoReplicator     : InstanceInfoReplicator onDemand update allowed rate per min is 4
2023-02-23 13:07:40.515  INFO 14748 --- [restartedMain] com.netflix.discovery.DiscoveryClient    : Discovery Client initialized at timestamp 1677137860514 with initial instances count: 2
2023-02-23 13:07:40.518  INFO 14748 --- [restartedMain] o.s.c.n.e.s.EurekaServiceRegistry        : Registering application EMPLOYEE-SERVICE with eureka with status UP
2023-02-23 13:07:40.520  INFO 14748 --- [restartedMain] com.netflix.discovery.DiscoveryClient    : Saw local status change event StatusChangeEvent [timestamp=1677137860520, current=UP, previous=STARTING]
2023-02-23 13:07:40.526  INFO 14748 --- [DiscoveryClient-InstanceInfoReplicator-0] com.netflix.discovery.DiscoveryClient    : DiscoveryClient_EMPLOYEE-SERVICE/DESKTOP-CCRJIGP:Employee-service:8081: registering service...
2023-02-23 13:07:40.553  INFO 14748 --- [restartedMain] o.s.b.w.embedded.tomcat.TomcatWebServer  : Tomcat started on port(s): 8081 (http) with context path ''
2023-02-23 13:07:40.554  INFO 14748 --- [restartedMain] .s.c.n.e.s.EurekaAutoServiceRegistration : Updating port to 8081
2023-02-23 13:07:40.580  INFO 14748 --- [DiscoveryClient-InstanceInfoReplicator-0] com.netflix.discovery.DiscoveryClient    : DiscoveryClient_EMPLOYEE-SERVICE/DESKTOP-CCRJIGP:Employee-service:8081 - registration status: 204
2023-02-23 13:07:40.710  INFO 14748 --- [restartedMain] com.pws.employee.EmployeeApplication     : Started EmployeeApplication in 10.668 seconds (JVM running for 11.495)
2023-02-23 13:12:40.179  INFO 14748 --- [AsyncResolver-bootstrap-executor-0] c.n.d.s.r.aws.ConfigClusterResolver      : Resolving eureka endpoints via configuration
2023-02-23 13:17:40.190  INFO 14748 --- [AsyncResolver-bootstrap-executor-0] c.n.d.s.r.aws.ConfigClusterResolver      : Resolving eureka endpoints via configuration
